  pch.cpp
  adjust.cpp
  adjustUI.cpp
  attackbolt.cpp
  batterydown.cpp
  block.cpp
  blockManager.cpp
  blurManager.cpp
  bonus.cpp
  chargeEffect.cpp
  combo.cpp
  controllerUI.cpp
  defenceResult.cpp
  edit.cpp
  editcamera.cpp
  editmesh.cpp
  enemyLifeManager.cpp
  enemyLifeUI.cpp
  fade.cpp
  fence.cpp
  gatherEffect.cpp
  コードを生成中...
  コンパイル中...
  gatherparticle.cpp
  humansatellite.cpp
  item.cpp
  itemmanager.cpp
  itemskill.cpp
  jem.cpp
  jempiece.cpp
  numbermulti.cpp
  orbit.cpp
  pauseManager.cpp
  pieceparticle.cpp
  railblock.cpp
  bolt.cpp
  camera.cpp
  debugproc.cpp
  effect.cpp
  enemy.cpp
  enemychild.cpp
  enemyState.cpp
  game.cpp
  コードを生成中...
  コンパイル中...
  input.cpp
  lifeUI.cpp
  light.cpp
  main.cpp
  manager.cpp
  mesh.cpp
  model.cpp
  motion.cpp
  number.cpp
  object.cpp
  object2D.cpp
  object2DMulti.cpp
  object3D.cpp
  objectBillboard.cpp
  objectX.cpp
  particle.cpp
  pause.cpp
  player.cpp
  rail.cpp
  railEffect.cpp
  コードを生成中...
  コンパイル中...
  railManager.cpp
  railmesh.cpp
  rank.cpp
  renderer.cpp
  result.cpp
  resultScore.cpp
  resultUI.cpp
  reverse.cpp
  scene.cpp
  score.cpp
  shadowS.cpp
  skip.cpp
  skydoom.cpp
  slow.cpp
  smoke.cpp
  smokeParticle.cpp
  snagManager.cpp
  sound.cpp
  sparkEffect.cpp
  sparkParticle.cpp
  コードを生成中...
  コンパイル中...
  stand.cpp
  stanUI.cpp
  startUI.cpp
  state.cpp
  target.cpp
  texture.cpp
  timeBonus.cpp
  timer.cpp
  title.cpp
  titleSegway.cpp
  titleUI.cpp
  tutorial.cpp
  tutorialCheck.cpp
  tutorialEnemy.cpp
  tutorialPlayer.cpp
  tutorialRail.cpp
  tutorialUI.cpp
  wave.cpp
  Xmodel.cpp
  コードを生成中...
  3DAction++01.vcxproj -> C:\Users\student\Desktop\デスクトップ\Gitまとめ\Production_Sasaki\吉田学園北海道サイバークリエイターズ大学校_佐々木奏一郎\01_作品\01_個人制作\02_電駆戦線\01_開発環境\00_プロジェクト一式\Debug\3DAction++01.exe
